🚀 Starting batch prediction generation...

✅ Both services are running

🚀 Label Studio Batch Prediction Generator
============================================================
Label Studio: http://localhost:8080
ML Backend: http://localhost:9090
Project ID: 6
============================================================

✅ ML Backend is healthy
📋 Fetching all tasks from Label Studio...
🔄 Token refreshed successfully
  📄 Fetched page 1: 100 tasks (total: 100)
  📄 Fetched page 2: 2 tasks (total: 102)
✅ Found 102 tasks total

📊 Task Summary:
  Total tasks: 102
  Completed: 0
  Failed: 0
  Remaining: 102

⏱️  Estimated time: 0.8 hours (51 minutes)


[1/102] Processing task 18: Athene_noctua_rectrices.jpg
  ❌ ML backend failed for task 18: 500 - {'detail': 'ValueError: Model is not loaded for type: run setup() before using predict()', 'request': {}, 'result': {'traceback': 'Traceback (most recent call last):\n  File "/Users/pierrebastiani/Classification/.venv/lib/python3.13/site-packages/label_studio_ml/exceptions.py", line 39, in exception_f\n    return f(*args, **kwargs)\n  File "/Users/pierrebastiani/Classification/.venv/lib/python3.13/site-packages/label_studio_ml/api.py", line 51, in _predict\n    predictions, model = _manager.predict(tasks, project, label_config, force_reload, try_fetch, **params)\n                         ~~~~~~~~~~~~~~~~^^^^^^^^^^^^^^^^^^^^^^^^^^^^^^^^^^^^^^^^^^^^^^^^^^^^^^^^^^^^^^^^^\n  File "/Users/pierrebastiani/Classification/.venv/lib/python3.13/site-packages/label_studio_ml/model.py", line 615, in predict\n    raise ValueError(f\'Model is not loaded for {cls.__class__.__name__}: run setup() before using predict()\')\nValueError: Model is not loaded for type: run setup() before using predict()\n'}, 'status': 500}
  ❌ Failed!
  ⏱️  Avg: 0.0s/task, ETA: 0 minutes

[2/102] Processing task 17: Athene_noctua_secondaires.jpg
🔄 Token refreshed successfully
  ✅ Success!
  ⏱️  Avg: 149.7s/task, ETA: 249 minutes

[3/102] Processing task 15: Ardea_cinerea_rectrices.jpg
🔄 Token refreshed successfully
  ✅ Success!
  ⏱️  Avg: 211.9s/task, ETA: 350 minutes

[4/102] Processing task 14: Ardea_cinerea_secondaires_2.jpg
  ❌ Exception processing task 14: HTTPConnectionPool(host='localhost', port=9090): Read timed out. (read timeout=300)
  ❌ Failed!
  ⏱️  Avg: 259.1s/task, ETA: 423 minutes

[5/102] Processing task 13: Ardea_cinerea_primaires.jpg
🔄 Token refreshed successfully
  ❌ Exception processing task 13: HTTPConnectionPool(host='localhost', port=9090): Max retries exceeded with url: /predict (Caused by NewConnectionError('<urllib3.connection.HTTPConnection object at 0x106211bf0>: Failed to establish a new connection: [Errno 61] Connection refused'))
  ❌ Failed!
  ⏱️  Avg: 223.2s/task, ETA: 361 minutes

[6/102] Processing task 9: Alcedo_atthis_rectrices.jpg
  ❌ Exception processing task 9: HTTPConnectionPool(host='localhost', port=9090): Max retries exceeded with url: /predict (Caused by NewConnectionError('<urllib3.connection.HTTPConnection object at 0x1062118c0>: Failed to establish a new connection: [Errno 61] Connection refused'))
  ❌ Failed!
  ⏱️  Avg: 186.1s/task, ETA: 298 minutes

[7/102] Processing task 2: Accipiter_gentilis_Secondaires.jpg
  ❌ Exception processing task 2: HTTPConnectionPool(host='localhost', port=9090): Max retries exceeded with url: /predict (Caused by NewConnectionError('<urllib3.connection.HTTPConnection object at 0x106211480>: Failed to establish a new connection: [Errno 61] Connection refused'))
  ❌ Failed!
  ⏱️  Avg: 159.5s/task, ETA: 253 minutes

[8/102] Processing task 1: Accipiter_gentilis_Primaires.jpg
  ❌ Exception processing task 1: HTTPConnectionPool(host='localhost', port=9090): Max retries exceeded with url: /predict (Caused by NewConnectionError('<urllib3.connection.HTTPConnection object at 0x106211370>: Failed to establish a new connection: [Errno 61] Connection refused'))
  ❌ Failed!
  ⏱️  Avg: 139.6s/task, ETA: 219 minutes

[9/102] Processing task 10: Apus_apus_primaires.jpg
  ❌ Exception processing task 10: HTTPConnectionPool(host='localhost', port=9090): Max retries exceeded with url: /predict (Caused by NewConnectionError('<urllib3.connection.HTTPConnection object at 0x106212360>: Failed to establish a new connection: [Errno 61] Connection refused'))
  ❌ Failed!
  ⏱️  Avg: 124.1s/task, ETA: 192 minutes

[10/102] Processing task 4: Accipiter_nisus_Primaires.jpg
  ❌ Exception processing task 4: HTTPConnectionPool(host='localhost', port=9090): Max retries exceeded with url: /predict (Caused by NewConnectionError('<urllib3.connection.HTTPConnection object at 0x1062105a0>: Failed to establish a new connection: [Errno 61] Connection refused'))
  ❌ Failed!
  ⏱️  Avg: 111.7s/task, ETA: 171 minutes

[11/102] Processing task 5: Accipiter_nisus_Secondaires.jpg
  ❌ Exception processing task 5: HTTPConnectionPool(host='localhost', port=9090): Max retries exceeded with url: /predict (Caused by NewConnectionError('<urllib3.connection.HTTPConnection object at 0x1062118c0>: Failed to establish a new connection: [Errno 61] Connection refused'))
  ❌ Failed!
  ⏱️  Avg: 101.5s/task, ETA: 154 minutes

[12/102] Processing task 3: Accipiter_gentilis_Rectrices.jpg
  ❌ Exception processing task 3: HTTPConnectionPool(host='localhost', port=9090): Max retries exceeded with url: /predict (Caused by NewConnectionError('<urllib3.connection.HTTPConnection object at 0x106211e10>: Failed to establish a new connection: [Errno 61] Connection refused'))
  ❌ Failed!
  ⏱️  Avg: 93.1s/task, ETA: 140 minutes

[13/102] Processing task 102: Upupa_epops_rectricesFN.jpg
  ❌ Exception processing task 102: HTTPConnectionPool(host='localhost', port=9090): Max retries exceeded with url: /predict (Caused by NewConnectionError('<urllib3.connection.HTTPConnection object at 0x1062119d0>: Failed to establish a new connection: [Errno 61] Connection refused'))
  ❌ Failed!
  ⏱️  Avg: 85.9s/task, ETA: 127 minutes

[14/102] Processing task 101: Upupa_epops_secondairesFN.jpg
  ❌ Exception processing task 101: HTTPConnectionPool(host='localhost', port=9090): Max retries exceeded with url: /predict (Caused by NewConnectionError('<urllib3.connection.HTTPConnection object at 0x106211f20>: Failed to establish a new connection: [Errno 61] Connection refused'))
  ❌ Failed!
  ⏱️  Avg: 79.8s/task, ETA: 117 minutes

[15/102] Processing task 100: Upupa_epops_primairesFB.jpg
  ❌ Exception processing task 100: HTTPConnectionPool(host='localhost', port=9090): Max retries exceeded with url: /predict (Caused by NewConnectionError('<urllib3.connection.HTTPConnection object at 0x106212580>: Failed to establish a new connection: [Errno 61] Connection refused'))
  ❌ Failed!
  ⏱️  Avg: 74.5s/task, ETA: 108 minutes

[16/102] Processing task 99: Tyto_alba_rectrices.jpg
  ❌ Exception processing task 99: HTTPConnectionPool(host='localhost', port=9090): Max retries exceeded with url: /predict (Caused by NewConnectionError('<urllib3.connection.HTTPConnection object at 0x1062128b0>: Failed to establish a new connection: [Errno 61] Connection refused'))
  ❌ Failed!
  ⏱️  Avg: 69.9s/task, ETA: 100 minutes

[17/102] Processing task 98: Turdus_philomenos_Rectrices.jpg
  ❌ Exception processing task 98: HTTPConnectionPool(host='localhost', port=9090): Max retries exceeded with url: /predict (Caused by NewConnectionError('<urllib3.connection.HTTPConnection object at 0x1062129c0>: Failed to establish a new connection: [Errno 61] Connection refused'))
  ❌ Failed!
  ⏱️  Avg: 65.8s/task, ETA: 93 minutes

[18/102] Processing task 97: Turdus_philomenos_Secondaires.jpg
  ❌ Exception processing task 97: HTTPConnectionPool(host='localhost', port=9090): Max retries exceeded with url: /predict (Caused by NewConnectionError('<urllib3.connection.HTTPConnection object at 0x106211f20>: Failed to establish a new connection: [Errno 61] Connection refused'))
  ❌ Failed!
  ⏱️  Avg: 62.1s/task, ETA: 87 minutes

[19/102] Processing task 96: Turdus_philomenos_Primaires.jpg
  ❌ Exception processing task 96: HTTPConnectionPool(host='localhost', port=9090): Max retries exceeded with url: /predict (Caused by NewConnectionError('<urllib3.connection.HTTPConnection object at 0x106211590>: Failed to establish a new connection: [Errno 61] Connection refused'))
  ❌ Failed!
  ⏱️  Avg: 58.8s/task, ETA: 81 minutes

[20/102] Processing task 95: Turdus_merula_Rectrices.jpg
  ❌ Exception processing task 95: HTTPConnectionPool(host='localhost', port=9090): Max retries exceeded with url: /predict (Caused by NewConnectionError('<urllib3.connection.HTTPConnection object at 0x1062118c0>: Failed to establish a new connection: [Errno 61] Connection refused'))
  ❌ Failed!
  ⏱️  Avg: 55.9s/task, ETA: 76 minutes

[21/102] Processing task 94: Turdus_merula_Secondaires.jpg
  ❌ Exception processing task 94: HTTPConnectionPool(host='localhost', port=9090): Max retries exceeded with url: /predict (Caused by NewConnectionError('<urllib3.connection.HTTPConnection object at 0x106211480>: Failed to establish a new connection: [Errno 61] Connection refused'))
  ❌ Failed!
  ⏱️  Avg: 53.2s/task, ETA: 72 minutes

[22/102] Processing task 93: Turdus_merula_Primaires.jpg
  ❌ Exception processing task 93: HTTPConnectionPool(host='localhost', port=9090): Max retries exceeded with url: /predict (Caused by NewConnectionError('<urllib3.connection.HTTPConnection object at 0x1062117b0>: Failed to establish a new connection: [Errno 61] Connection refused'))
  ❌ Failed!
  ⏱️  Avg: 50.8s/task, ETA: 68 minutes

[23/102] Processing task 92: Sturnus_vulgaris_rectrices.jpg
  ❌ Exception processing task 92: HTTPConnectionPool(host='localhost', port=9090): Max retries exceeded with url: /predict (Caused by NewConnectionError('<urllib3.connection.HTTPConnection object at 0x106210c00>: Failed to establish a new connection: [Errno 61] Connection refused'))
  ❌ Failed!
  ⏱️  Avg: 48.6s/task, ETA: 64 minutes

[24/102] Processing task 91: Sturnus_vulgaris_Secondaires.jpg
  ❌ Exception processing task 91: HTTPConnectionPool(host='localhost', port=9090): Max retries exceeded with url: /predict (Caused by NewConnectionError('<urllib3.connection.HTTPConnection object at 0x106212be0>: Failed to establish a new connection: [Errno 61] Connection refused'))
  ❌ Failed!
  ⏱️  Avg: 46.6s/task, ETA: 61 minutes

[25/102] Processing task 90: Sturnus_vulgaris_Primaires.jpg
  ❌ Exception processing task 90: HTTPConnectionPool(host='localhost', port=9090): Max retries exceeded with url: /predict (Caused by NewConnectionError('<urllib3.connection.HTTPConnection object at 0x106212cf0>: Failed to establish a new connection: [Errno 61] Connection refused'))
  ❌ Failed!
  ⏱️  Avg: 44.7s/task, ETA: 57 minutes

[26/102] Processing task 89: Strix_aluco_Rectrices1.jpg
  ❌ Exception processing task 89: HTTPConnectionPool(host='localhost', port=9090): Max retries exceeded with url: /predict (Caused by NewConnectionError('<urllib3.connection.HTTPConnection object at 0x1062117b0>: Failed to establish a new connection: [Errno 61] Connection refused'))
  ❌ Failed!
  ⏱️  Avg: 43.0s/task, ETA: 54 minutes

[27/102] Processing task 88: Strix_aluco_secondaires.jpg
  ❌ Exception processing task 88: HTTPConnectionPool(host='localhost', port=9090): Max retries exceeded with url: /predict (Caused by NewConnectionError('<urllib3.connection.HTTPConnection object at 0x1062127a0>: Failed to establish a new connection: [Errno 61] Connection refused'))
  ❌ Failed!
  ⏱️  Avg: 41.4s/task, ETA: 52 minutes

[28/102] Processing task 87: Strix_aluco_primaires.jpg
  ❌ Exception processing task 87: HTTPConnectionPool(host='localhost', port=9090): Max retries exceeded with url: /predict (Caused by NewConnectionError('<urllib3.connection.HTTPConnection object at 0x106211590>: Failed to establish a new connection: [Errno 61] Connection refused'))
  ❌ Failed!
  ⏱️  Avg: 40.0s/task, ETA: 49 minutes

[29/102] Processing task 86: Streptopelia_turtur_Rectrices.jpg
  ❌ Exception processing task 86: HTTPConnectionPool(host='localhost', port=9090): Max retries exceeded with url: /predict (Caused by NewConnectionError('<urllib3.connection.HTTPConnection object at 0x106211ae0>: Failed to establish a new connection: [Errno 61] Connection refused'))
  ❌ Failed!
  ⏱️  Avg: 38.6s/task, ETA: 47 minutes

[30/102] Processing task 85: Streptopelia_turtur_Secondaires.jpg
  ❌ Exception processing task 85: HTTPConnectionPool(host='localhost', port=9090): Max retries exceeded with url: /predict (Caused by NewConnectionError('<urllib3.connection.HTTPConnection object at 0x1062128b0>: Failed to establish a new connection: [Errno 61] Connection refused'))
  ❌ Failed!
  ⏱️  Avg: 37.3s/task, ETA: 45 minutes

[31/102] Processing task 84: Streptopelia_turtur_Primaires.jpg
  ❌ Exception processing task 84: HTTPConnectionPool(host='localhost', port=9090): Max retries exceeded with url: /predict (Caused by NewConnectionError('<urllib3.connection.HTTPConnection object at 0x106212030>: Failed to establish a new connection: [Errno 61] Connection refused'))
  ❌ Failed!
  ⏱️  Avg: 36.1s/task, ETA: 43 minutes

[32/102] Processing task 83: Streptopelia_decaocto_rectrices.jpg
  ❌ Exception processing task 83: HTTPConnectionPool(host='localhost', port=9090): Max retries exceeded with url: /predict (Caused by NewConnectionError('<urllib3.connection.HTTPConnection object at 0x1062119d0>: Failed to establish a new connection: [Errno 61] Connection refused'))
  ❌ Failed!
  ⏱️  Avg: 35.0s/task, ETA: 41 minutes

[33/102] Processing task 82: Streptopelia_decaocto_Secondaires_(2).jpg
  ❌ Exception processing task 82: HTTPConnectionPool(host='localhost', port=9090): Max retries exceeded with url: /predict (Caused by NewConnectionError('<urllib3.connection.HTTPConnection object at 0x106212690>: Failed to establish a new connection: [Errno 61] Connection refused'))
  ❌ Failed!
  ⏱️  Avg: 33.9s/task, ETA: 39 minutes

[34/102] Processing task 81: Streptopelia_decaocto_primaires.jpg
  ❌ Exception processing task 81: HTTPConnectionPool(host='localhost', port=9090): Max retries exceeded with url: /predict (Caused by NewConnectionError('<urllib3.connection.HTTPConnection object at 0x1062128b0>: Failed to establish a new connection: [Errno 61] Connection refused'))
  ❌ Failed!
  ⏱️  Avg: 32.9s/task, ETA: 37 minutes

[35/102] Processing task 80: Scolopax_rusticola_Secondaires.jpg
  ❌ Exception processing task 80: HTTPConnectionPool(host='localhost', port=9090): Max retries exceeded with url: /predict (Caused by NewConnectionError('<urllib3.connection.HTTPConnection object at 0x1062129c0>: Failed to establish a new connection: [Errno 61] Connection refused'))
  ❌ Failed!
  ⏱️  Avg: 32.0s/task, ETA: 36 minutes

[36/102] Processing task 79: Scolopax_rusticola_Primaires.jpg
  ❌ Exception processing task 79: HTTPConnectionPool(host='localhost', port=9090): Max retries exceeded with url: /predict (Caused by NewConnectionError('<urllib3.connection.HTTPConnection object at 0x1062127a0>: Failed to establish a new connection: [Errno 61] Connection refused'))
  ❌ Failed!
  ⏱️  Avg: 31.1s/task, ETA: 34 minutes

[37/102] Processing task 78: Pica_pica_Rectrices.jpg
  ❌ Exception processing task 78: HTTPConnectionPool(host='localhost', port=9090): Max retries exceeded with url: /predict (Caused by NewConnectionError('<urllib3.connection.HTTPConnection object at 0x106212140>: Failed to establish a new connection: [Errno 61] Connection refused'))
  ❌ Failed!
  ⏱️  Avg: 30.3s/task, ETA: 33 minutes

[38/102] Processing task 77: Pica_pica_Secondaires.jpg
  ❌ Exception processing task 77: HTTPConnectionPool(host='localhost', port=9090): Max retries exceeded with url: /predict (Caused by NewConnectionError('<urllib3.connection.HTTPConnection object at 0x1062116a0>: Failed to establish a new connection: [Errno 61] Connection refused'))
  ❌ Failed!
  ⏱️  Avg: 29.5s/task, ETA: 31 minutes

[39/102] Processing task 76: Pica_pica_Primaires.jpg
  ❌ Exception processing task 76: HTTPConnectionPool(host='localhost', port=9090): Max retries exceeded with url: /predict (Caused by NewConnectionError('<urllib3.connection.HTTPConnection object at 0x106211f20>: Failed to establish a new connection: [Errno 61] Connection refused'))
  ❌ Failed!
  ⏱️  Avg: 28.7s/task, ETA: 30 minutes

[40/102] Processing task 75: Phalacrocorax_carbo_rectrices.jpg
  ❌ Exception processing task 75: HTTPConnectionPool(host='localhost', port=9090): Max retries exceeded with url: /predict (Caused by NewConnectionError('<urllib3.connection.HTTPConnection object at 0x106211370>: Failed to establish a new connection: [Errno 61] Connection refused'))
  ❌ Failed!
  ⏱️  Avg: 28.0s/task, ETA: 29 minutes

[41/102] Processing task 74: Phalacrocorax_carbo_secondaires.jpg
  ❌ Exception processing task 74: HTTPConnectionPool(host='localhost', port=9090): Max retries exceeded with url: /predict (Caused by NewConnectionError('<urllib3.connection.HTTPConnection object at 0x106211260>: Failed to establish a new connection: [Errno 61] Connection refused'))
  ❌ Failed!
  ⏱️  Avg: 27.3s/task, ETA: 28 minutes

[42/102] Processing task 73: Phalacrocorax_carbo_primaires.jpg
  ❌ Exception processing task 73: HTTPConnectionPool(host='localhost', port=9090): Max retries exceeded with url: /predict (Caused by NewConnectionError('<urllib3.connection.HTTPConnection object at 0x106212140>: Failed to establish a new connection: [Errno 61] Connection refused'))
  ❌ Failed!
  ⏱️  Avg: 26.7s/task, ETA: 27 minutes

[43/102] Processing task 72: Otus_scops_rectrices.jpg
  ❌ Exception processing task 72: HTTPConnectionPool(host='localhost', port=9090): Max retries exceeded with url: /predict (Caused by NewConnectionError('<urllib3.connection.HTTPConnection object at 0x1062118c0>: Failed to establish a new connection: [Errno 61] Connection refused'))
  ❌ Failed!
  ⏱️  Avg: 26.0s/task, ETA: 26 minutes

[44/102] Processing task 71: Otus_scops_Primaires.jpg
  ❌ Exception processing task 71: HTTPConnectionPool(host='localhost', port=9090): Max retries exceeded with url: /predict (Caused by NewConnectionError('<urllib3.connection.HTTPConnection object at 0x1062128b0>: Failed to establish a new connection: [Errno 61] Connection refused'))
  ❌ Failed!
  ⏱️  Avg: 25.5s/task, ETA: 25 minutes

[45/102] Processing task 70: Milvus_milvus_secondaires.jpg
  ❌ Exception processing task 70: HTTPConnectionPool(host='localhost', port=9090): Max retries exceeded with url: /predict (Caused by NewConnectionError('<urllib3.connection.HTTPConnection object at 0x106212030>: Failed to establish a new connection: [Errno 61] Connection refused'))
  ❌ Failed!
  ⏱️  Avg: 24.9s/task, ETA: 24 minutes

[46/102] Processing task 69: Milvus_milvus_primaires.jpg
  ❌ Exception processing task 69: HTTPConnectionPool(host='localhost', port=9090): Max retries exceeded with url: /predict (Caused by NewConnectionError('<urllib3.connection.HTTPConnection object at 0x106212580>: Failed to establish a new connection: [Errno 61] Connection refused'))
  ❌ Failed!
  ⏱️  Avg: 24.3s/task, ETA: 23 minutes

[47/102] Processing task 68: Milvus_migrans_Rectrices.jpg
  ❌ Exception processing task 68: HTTPConnectionPool(host='localhost', port=9090): Max retries exceeded with url: /predict (Caused by NewConnectionError('<urllib3.connection.HTTPConnection object at 0x106211e10>: Failed to establish a new connection: [Errno 61] Connection refused'))
  ❌ Failed!
  ⏱️  Avg: 23.8s/task, ETA: 22 minutes

[48/102] Processing task 67: Milvus_migrans_Secondaires.jpg
  ❌ Exception processing task 67: HTTPConnectionPool(host='localhost', port=9090): Max retries exceeded with url: /predict (Caused by NewConnectionError('<urllib3.connection.HTTPConnection object at 0x1062119d0>: Failed to establish a new connection: [Errno 61] Connection refused'))
  ❌ Failed!
  ⏱️  Avg: 23.3s/task, ETA: 21 minutes

[49/102] Processing task 66: Milvus_migrans_Primaires.jpg
  ❌ Exception processing task 66: HTTPConnectionPool(host='localhost', port=9090): Max retries exceeded with url: /predict (Caused by NewConnectionError('<urllib3.connection.HTTPConnection object at 0x106212580>: Failed to establish a new connection: [Errno 61] Connection refused'))
  ❌ Failed!
  ⏱️  Avg: 22.9s/task, ETA: 20 minutes

[50/102] Processing task 65: Lullula_arborea_rectrices.jpg
  ❌ Exception processing task 65: HTTPConnectionPool(host='localhost', port=9090): Max retries exceeded with url: /predict (Caused by NewConnectionError('<urllib3.connection.HTTPConnection object at 0x106212470>: Failed to establish a new connection: [Errno 61] Connection refused'))
  ❌ Failed!
  ⏱️  Avg: 22.4s/task, ETA: 19 minutes

[51/102] Processing task 64: Lullula_arborea_Secondaires.jpg
  ❌ Exception processing task 64: HTTPConnectionPool(host='localhost', port=9090): Max retries exceeded with url: /predict (Caused by NewConnectionError('<urllib3.connection.HTTPConnection object at 0x1062118c0>: Failed to establish a new connection: [Errno 61] Connection refused'))
  ❌ Failed!
  ⏱️  Avg: 22.0s/task, ETA: 19 minutes

[52/102] Processing task 63: Lullula_arborea_Primaires.jpg
  ❌ Exception processing task 63: HTTPConnectionPool(host='localhost', port=9090): Max retries exceeded with url: /predict (Caused by NewConnectionError('<urllib3.connection.HTTPConnection object at 0x106212cf0>: Failed to establish a new connection: [Errno 61] Connection refused'))
  ❌ Failed!
  ⏱️  Avg: 21.5s/task, ETA: 18 minutes

[53/102] Processing task 62: Lanius_senator_Rectrices_FN.jpg
  ❌ Exception processing task 62: HTTPConnectionPool(host='localhost', port=9090): Max retries exceeded with url: /predict (Caused by NewConnectionError('<urllib3.connection.HTTPConnection object at 0x1062117b0>: Failed to establish a new connection: [Errno 61] Connection refused'))
  ❌ Failed!
  ⏱️  Avg: 21.1s/task, ETA: 17 minutes

[54/102] Processing task 61: Lanius_senator_Secondaires.jpg
  ❌ Exception processing task 61: HTTPConnectionPool(host='localhost', port=9090): Max retries exceeded with url: /predict (Caused by NewConnectionError('<urllib3.connection.HTTPConnection object at 0x106211590>: Failed to establish a new connection: [Errno 61] Connection refused'))
  ❌ Failed!
  ⏱️  Avg: 20.8s/task, ETA: 17 minutes

[55/102] Processing task 60: Lanius_senator_Primaires.jpg
  ❌ Exception processing task 60: HTTPConnectionPool(host='localhost', port=9090): Max retries exceeded with url: /predict (Caused by NewConnectionError('<urllib3.connection.HTTPConnection object at 0x106211f20>: Failed to establish a new connection: [Errno 61] Connection refused'))
  ❌ Failed!
  ⏱️  Avg: 20.4s/task, ETA: 16 minutes

[56/102] Processing task 59: Gyps_fulvus_Rectrices_1.jpg
  ❌ Exception processing task 59: HTTPConnectionPool(host='localhost', port=9090): Max retries exceeded with url: /predict (Caused by NewConnectionError('<urllib3.connection.HTTPConnection object at 0x106211f20>: Failed to establish a new connection: [Errno 61] Connection refused'))
  ❌ Failed!
  ⏱️  Avg: 20.0s/task, ETA: 15 minutes

[57/102] Processing task 58: Gyps_fulvus_Secondaires_1.jpg
  ❌ Exception processing task 58: HTTPConnectionPool(host='localhost', port=9090): Max retries exceeded with url: /predict (Caused by NewConnectionError('<urllib3.connection.HTTPConnection object at 0x1062127a0>: Failed to establish a new connection: [Errno 61] Connection refused'))
  ❌ Failed!
  ⏱️  Avg: 19.7s/task, ETA: 15 minutes

[58/102] Processing task 57: Gyps_fulvus_Primaires.jpg
  ❌ Exception processing task 57: HTTPConnectionPool(host='localhost', port=9090): Max retries exceeded with url: /predict (Caused by NewConnectionError('<urllib3.connection.HTTPConnection object at 0x106212cf0>: Failed to establish a new connection: [Errno 61] Connection refused'))
  ❌ Failed!
  ⏱️  Avg: 19.3s/task, ETA: 14 minutes

[59/102] Processing task 56: Gallus_gallus_rectrices.jpg
  ❌ Exception processing task 56: HTTPConnectionPool(host='localhost', port=9090): Max retries exceeded with url: /predict (Caused by NewConnectionError('<urllib3.connection.HTTPConnection object at 0x1062129c0>: Failed to establish a new connection: [Errno 61] Connection refused'))
  ❌ Failed!
  ⏱️  Avg: 19.0s/task, ETA: 14 minutes

[60/102] Processing task 55: Gallus_gallus_secondaires.jpg
  ❌ Exception processing task 55: HTTPConnectionPool(host='localhost', port=9090): Max retries exceeded with url: /predict (Caused by NewConnectionError('<urllib3.connection.HTTPConnection object at 0x106212580>: Failed to establish a new connection: [Errno 61] Connection refused'))
  ❌ Failed!
  ⏱️  Avg: 18.7s/task, ETA: 13 minutes

[61/102] Processing task 54: Gallus_gallus_primaires.jpg
  ❌ Exception processing task 54: HTTPConnectionPool(host='localhost', port=9090): Max retries exceeded with url: /predict (Caused by NewConnectionError('<urllib3.connection.HTTPConnection object at 0x1062119d0>: Failed to establish a new connection: [Errno 61] Connection refused'))
  ❌ Failed!
  ⏱️  Avg: 18.4s/task, ETA: 13 minutes

[62/102] Processing task 53: Gallinula_chloropus_rectrices.jpg
  ❌ Exception processing task 53: HTTPConnectionPool(host='localhost', port=9090): Max retries exceeded with url: /predict (Caused by NewConnectionError('<urllib3.connection.HTTPConnection object at 0x106212690>: Failed to establish a new connection: [Errno 61] Connection refused'))
  ❌ Failed!
  ⏱️  Avg: 18.1s/task, ETA: 12 minutes

[63/102] Processing task 52: Gallinula_chloropus_Secondaires.jpg
  ❌ Exception processing task 52: HTTPConnectionPool(host='localhost', port=9090): Max retries exceeded with url: /predict (Caused by NewConnectionError('<urllib3.connection.HTTPConnection object at 0x106212ad0>: Failed to establish a new connection: [Errno 61] Connection refused'))
  ❌ Failed!
  ⏱️  Avg: 17.8s/task, ETA: 12 minutes

[64/102] Processing task 51: Gallinula_chloropus_Primaires.jpg
  ❌ Exception processing task 51: HTTPConnectionPool(host='localhost', port=9090): Max retries exceeded with url: /predict (Caused by NewConnectionError('<urllib3.connection.HTTPConnection object at 0x106212ad0>: Failed to establish a new connection: [Errno 61] Connection refused'))
  ❌ Failed!
  ⏱️  Avg: 17.5s/task, ETA: 11 minutes

[65/102] Processing task 50: Falco_tinnunculus_Femelle_rectrices.jpg
  ❌ Exception processing task 50: HTTPConnectionPool(host='localhost', port=9090): Max retries exceeded with url: /predict (Caused by NewConnectionError('<urllib3.connection.HTTPConnection object at 0x1062116a0>: Failed to establish a new connection: [Errno 61] Connection refused'))
  ❌ Failed!
  ⏱️  Avg: 17.3s/task, ETA: 11 minutes

[66/102] Processing task 49: Falco_tinnunculus_Secondaires.jpg
  ❌ Exception processing task 49: HTTPConnectionPool(host='localhost', port=9090): Max retries exceeded with url: /predict (Caused by NewConnectionError('<urllib3.connection.HTTPConnection object at 0x106212580>: Failed to establish a new connection: [Errno 61] Connection refused'))
  ❌ Failed!
  ⏱️  Avg: 17.0s/task, ETA: 10 minutes

[67/102] Processing task 48: Falco_tinnunculus_Primaires.jpg
  ❌ Exception processing task 48: HTTPConnectionPool(host='localhost', port=9090): Max retries exceeded with url: /predict (Caused by NewConnectionError('<urllib3.connection.HTTPConnection object at 0x106212470>: Failed to establish a new connection: [Errno 61] Connection refused'))
  ❌ Failed!
  ⏱️  Avg: 16.7s/task, ETA: 10 minutes

[68/102] Processing task 47: Delichon_urbicum_rectrices_fondnoir.jpg
  ❌ Exception processing task 47: HTTPConnectionPool(host='localhost', port=9090): Max retries exceeded with url: /predict (Caused by NewConnectionError('<urllib3.connection.HTTPConnection object at 0x1062127a0>: Failed to establish a new connection: [Errno 61] Connection refused'))
  ❌ Failed!
  ⏱️  Avg: 16.5s/task, ETA: 9 minutes

[69/102] Processing task 46: Delichon_urbicum_secondaires.jpg
  ❌ Exception processing task 46: HTTPConnectionPool(host='localhost', port=9090): Max retries exceeded with url: /predict (Caused by NewConnectionError('<urllib3.connection.HTTPConnection object at 0x106211f20>: Failed to establish a new connection: [Errno 61] Connection refused'))
  ❌ Failed!
  ⏱️  Avg: 16.3s/task, ETA: 9 minutes

[70/102] Processing task 45: Delichon_urbicum_primaires.jpg
  ❌ Exception processing task 45: HTTPConnectionPool(host='localhost', port=9090): Max retries exceeded with url: /predict (Caused by NewConnectionError('<urllib3.connection.HTTPConnection object at 0x106211bf0>: Failed to establish a new connection: [Errno 61] Connection refused'))
  ❌ Failed!
  ⏱️  Avg: 16.0s/task, ETA: 9 minutes

[71/102] Processing task 44: Corvus_corone_Rectrices.jpg
  ❌ Exception processing task 44: HTTPConnectionPool(host='localhost', port=9090): Max retries exceeded with url: /predict (Caused by NewConnectionError('<urllib3.connection.HTTPConnection object at 0x1062118c0>: Failed to establish a new connection: [Errno 61] Connection refused'))
  ❌ Failed!
  ⏱️  Avg: 15.8s/task, ETA: 8 minutes

[72/102] Processing task 43: Corvus_corone_Secondaires.jpg
  ❌ Exception processing task 43: HTTPConnectionPool(host='localhost', port=9090): Max retries exceeded with url: /predict (Caused by NewConnectionError('<urllib3.connection.HTTPConnection object at 0x1062118c0>: Failed to establish a new connection: [Errno 61] Connection refused'))
  ❌ Failed!
  ⏱️  Avg: 15.6s/task, ETA: 8 minutes

[73/102] Processing task 42: Corvus_corone_Primaires.jpg
  ❌ Exception processing task 42: HTTPConnectionPool(host='localhost', port=9090): Max retries exceeded with url: /predict (Caused by NewConnectionError('<urllib3.connection.HTTPConnection object at 0x1062105a0>: Failed to establish a new connection: [Errno 61] Connection refused'))
  ❌ Failed!
  ⏱️  Avg: 15.4s/task, ETA: 7 minutes

[74/102] Processing task 41: Coracias_garrulus_rectrices.jpg
  ❌ Exception processing task 41: HTTPConnectionPool(host='localhost', port=9090): Max retries exceeded with url: /predict (Caused by NewConnectionError('<urllib3.connection.HTTPConnection object at 0x1062127a0>: Failed to establish a new connection: [Errno 61] Connection refused'))
  ❌ Failed!
  ⏱️  Avg: 15.2s/task, ETA: 7 minutes

[75/102] Processing task 40: Coracias_garrulus_secondaires.jpg
  ❌ Exception processing task 40: HTTPConnectionPool(host='localhost', port=9090): Max retries exceeded with url: /predict (Caused by NewConnectionError('<urllib3.connection.HTTPConnection object at 0x106212cf0>: Failed to establish a new connection: [Errno 61] Connection refused'))
  ❌ Failed!
  ⏱️  Avg: 15.0s/task, ETA: 7 minutes

[76/102] Processing task 39: Coracias_garrulus_primaires.jpg
  ❌ Exception processing task 39: HTTPConnectionPool(host='localhost', port=9090): Max retries exceeded with url: /predict (Caused by NewConnectionError('<urllib3.connection.HTTPConnection object at 0x1062116a0>: Failed to establish a new connection: [Errno 61] Connection refused'))
  ❌ Failed!
  ⏱️  Avg: 14.8s/task, ETA: 6 minutes

[77/102] Processing task 38: Columba_palombus_rectrices.jpg
  ❌ Exception processing task 38: HTTPConnectionPool(host='localhost', port=9090): Max retries exceeded with url: /predict (Caused by NewConnectionError('<urllib3.connection.HTTPConnection object at 0x106212ad0>: Failed to establish a new connection: [Errno 61] Connection refused'))
  ❌ Failed!
  ⏱️  Avg: 14.6s/task, ETA: 6 minutes

[78/102] Processing task 37: Columba_palombus_secondaires.jpg
  ❌ Exception processing task 37: HTTPConnectionPool(host='localhost', port=9090): Max retries exceeded with url: /predict (Caused by NewConnectionError('<urllib3.connection.HTTPConnection object at 0x106212140>: Failed to establish a new connection: [Errno 61] Connection refused'))
  ❌ Failed!
  ⏱️  Avg: 14.4s/task, ETA: 6 minutes

[79/102] Processing task 36: Columba_palombus_primaires_fondnoir.jpg
  ❌ Exception processing task 36: HTTPConnectionPool(host='localhost', port=9090): Max retries exceeded with url: /predict (Caused by NewConnectionError('<urllib3.connection.HTTPConnection object at 0x1062129c0>: Failed to establish a new connection: [Errno 61] Connection refused'))
  ❌ Failed!
  ⏱️  Avg: 14.2s/task, ETA: 5 minutes

[80/102] Processing task 35: Columba_livia_Rectrices.jpg
  ❌ Exception processing task 35: HTTPConnectionPool(host='localhost', port=9090): Max retries exceeded with url: /predict (Caused by NewConnectionError('<urllib3.connection.HTTPConnection object at 0x106212f10>: Failed to establish a new connection: [Errno 61] Connection refused'))
  ❌ Failed!
  ⏱️  Avg: 14.0s/task, ETA: 5 minutes

[81/102] Processing task 34: Columba_livia_secondaires.jpg
  ❌ Exception processing task 34: HTTPConnectionPool(host='localhost', port=9090): Max retries exceeded with url: /predict (Caused by NewConnectionError('<urllib3.connection.HTTPConnection object at 0x106212140>: Failed to establish a new connection: [Errno 61] Connection refused'))
  ❌ Failed!
  ⏱️  Avg: 13.9s/task, ETA: 5 minutes

[82/102] Processing task 33: Circaetus_gallicus_rectrices.jpg
  ❌ Exception processing task 33: HTTPConnectionPool(host='localhost', port=9090): Max retries exceeded with url: /predict (Caused by NewConnectionError('<urllib3.connection.HTTPConnection object at 0x106212030>: Failed to establish a new connection: [Errno 61] Connection refused'))
  ❌ Failed!
  ⏱️  Avg: 13.7s/task, ETA: 5 minutes

[83/102] Processing task 32: Circaetus_gallicus_secondaires.jpg
  ❌ Exception processing task 32: HTTPConnectionPool(host='localhost', port=9090): Max retries exceeded with url: /predict (Caused by NewConnectionError('<urllib3.connection.HTTPConnection object at 0x106212cf0>: Failed to establish a new connection: [Errno 61] Connection refused'))
  ❌ Failed!
  ⏱️  Avg: 13.5s/task, ETA: 4 minutes

[84/102] Processing task 31: Circaetus_gallicus_primaires.jpg
  ❌ Exception processing task 31: HTTPConnectionPool(host='localhost', port=9090): Max retries exceeded with url: /predict (Caused by NewConnectionError('<urllib3.connection.HTTPConnection object at 0x1062117b0>: Failed to establish a new connection: [Errno 61] Connection refused'))
  ❌ Failed!
  ⏱️  Avg: 13.4s/task, ETA: 4 minutes

[85/102] Processing task 30: Ciconia_nigra_rectrices.jpg
  ❌ Exception processing task 30: HTTPConnectionPool(host='localhost', port=9090): Max retries exceeded with url: /predict (Caused by NewConnectionError('<urllib3.connection.HTTPConnection object at 0x106211590>: Failed to establish a new connection: [Errno 61] Connection refused'))
  ❌ Failed!
  ⏱️  Avg: 13.2s/task, ETA: 4 minutes

[86/102] Processing task 29: Ciconia_nigra_secondairesbis.jpg
  ❌ Exception processing task 29: HTTPConnectionPool(host='localhost', port=9090): Max retries exceeded with url: /predict (Caused by NewConnectionError('<urllib3.connection.HTTPConnection object at 0x106211260>: Failed to establish a new connection: [Errno 61] Connection refused'))
  ❌ Failed!
  ⏱️  Avg: 13.1s/task, ETA: 3 minutes

[87/102] Processing task 28: Ciconia_nigra_primaires.jpg
  ❌ Exception processing task 28: HTTPConnectionPool(host='localhost', port=9090): Max retries exceeded with url: /predict (Caused by NewConnectionError('<urllib3.connection.HTTPConnection object at 0x106210c00>: Failed to establish a new connection: [Errno 61] Connection refused'))
  ❌ Failed!
  ⏱️  Avg: 12.9s/task, ETA: 3 minutes

[88/102] Processing task 27: Ciconia_ciconia_rectrices.jpg
  ❌ Exception processing task 27: HTTPConnectionPool(host='localhost', port=9090): Max retries exceeded with url: /predict (Caused by NewConnectionError('<urllib3.connection.HTTPConnection object at 0x106211bf0>: Failed to establish a new connection: [Errno 61] Connection refused'))
  ❌ Failed!
  ⏱️  Avg: 12.8s/task, ETA: 3 minutes

[89/102] Processing task 26: Ciconia_ciconia_secondaires1.jpg
  ❌ Exception processing task 26: HTTPConnectionPool(host='localhost', port=9090): Max retries exceeded with url: /predict (Caused by NewConnectionError('<urllib3.connection.HTTPConnection object at 0x106212470>: Failed to establish a new connection: [Errno 61] Connection refused'))
  ❌ Failed!
  ⏱️  Avg: 12.6s/task, ETA: 3 minutes

[90/102] Processing task 25: Ciconia_ciconia_primaires.jpg
  ❌ Exception processing task 25: HTTPConnectionPool(host='localhost', port=9090): Max retries exceeded with url: /predict (Caused by NewConnectionError('<urllib3.connection.HTTPConnection object at 0x106211590>: Failed to establish a new connection: [Errno 61] Connection refused'))
  ❌ Failed!
  ⏱️  Avg: 12.5s/task, ETA: 2 minutes

[91/102] Processing task 24: Buteo_buteo_Rectrices.jpg
  ❌ Exception processing task 24: HTTPConnectionPool(host='localhost', port=9090): Max retries exceeded with url: /predict (Caused by NewConnectionError('<urllib3.connection.HTTPConnection object at 0x1062105a0>: Failed to establish a new connection: [Errno 61] Connection refused'))
  ❌ Failed!
  ⏱️  Avg: 12.3s/task, ETA: 2 minutes

[92/102] Processing task 23: Buteo_buteo_Secondaires.jpg
  ❌ Exception processing task 23: HTTPConnectionPool(host='localhost', port=9090): Max retries exceeded with url: /predict (Caused by NewConnectionError('<urllib3.connection.HTTPConnection object at 0x106212030>: Failed to establish a new connection: [Errno 61] Connection refused'))
  ❌ Failed!
  ⏱️  Avg: 12.2s/task, ETA: 2 minutes

[93/102] Processing task 22: Buteo_buteo_Primaires.jpg
  ❌ Exception processing task 22: HTTPConnectionPool(host='localhost', port=9090): Max retries exceeded with url: /predict (Caused by NewConnectionError('<urllib3.connection.HTTPConnection object at 0x106212e00>: Failed to establish a new connection: [Errno 61] Connection refused'))
  ❌ Failed!
  ⏱️  Avg: 12.1s/task, ETA: 2 minutes

[94/102] Processing task 21: Bubo_bubo_Rectrices.jpg
  ❌ Exception processing task 21: HTTPConnectionPool(host='localhost', port=9090): Max retries exceeded with url: /predict (Caused by NewConnectionError('<urllib3.connection.HTTPConnection object at 0x1062129c0>: Failed to establish a new connection: [Errno 61] Connection refused'))
  ❌ Failed!
  ⏱️  Avg: 12.0s/task, ETA: 2 minutes

[95/102] Processing task 20: Bubo_bubo_Secondaires.jpg
  ❌ Exception processing task 20: HTTPConnectionPool(host='localhost', port=9090): Max retries exceeded with url: /predict (Caused by NewConnectionError('<urllib3.connection.HTTPConnection object at 0x106211f20>: Failed to establish a new connection: [Errno 61] Connection refused'))
  ❌ Failed!
  ⏱️  Avg: 11.8s/task, ETA: 1 minutes

[96/102] Processing task 19: Bubo_bubo_Primaires.jpg
  ❌ Exception processing task 19: HTTPConnectionPool(host='localhost', port=9090): Max retries exceeded with url: /predict (Caused by NewConnectionError('<urllib3.connection.HTTPConnection object at 0x106212ad0>: Failed to establish a new connection: [Errno 61] Connection refused'))
  ❌ Failed!
  ⏱️  Avg: 11.7s/task, ETA: 1 minutes

[97/102] Processing task 16: Athene_noctua_primaires.jpg
  ❌ Exception processing task 16: HTTPConnectionPool(host='localhost', port=9090): Max retries exceeded with url: /predict (Caused by NewConnectionError('<urllib3.connection.HTTPConnection object at 0x1062127a0>: Failed to establish a new connection: [Errno 61] Connection refused'))
  ❌ Failed!
  ⏱️  Avg: 11.6s/task, ETA: 1 minutes

[98/102] Processing task 12: Apus_apus_rectrices.jpg
  ❌ Exception processing task 12: HTTPConnectionPool(host='localhost', port=9090): Max retries exceeded with url: /predict (Caused by NewConnectionError('<urllib3.connection.HTTPConnection object at 0x106212e00>: Failed to establish a new connection: [Errno 61] Connection refused'))
  ❌ Failed!
  ⏱️  Avg: 11.5s/task, ETA: 1 minutes

[99/102] Processing task 11: Apus_apus_secondaires.jpg
  ❌ Exception processing task 11: HTTPConnectionPool(host='localhost', port=9090): Max retries exceeded with url: /predict (Caused by NewConnectionError('<urllib3.connection.HTTPConnection object at 0x1062116a0>: Failed to establish a new connection: [Errno 61] Connection refused'))
  ❌ Failed!
  ⏱️  Avg: 11.4s/task, ETA: 1 minutes

[100/102] Processing task 8: Alcedo_atthis_secondaires.jpg
  ❌ Exception processing task 8: HTTPConnectionPool(host='localhost', port=9090): Max retries exceeded with url: /predict (Caused by NewConnectionError('<urllib3.connection.HTTPConnection object at 0x106211590>: Failed to establish a new connection: [Errno 61] Connection refused'))
  ❌ Failed!
  ⏱️  Avg: 11.2s/task, ETA: 0 minutes

[101/102] Processing task 7: Alcedo_atthis_primaires.jpg
  ❌ Exception processing task 7: HTTPConnectionPool(host='localhost', port=9090): Max retries exceeded with url: /predict (Caused by NewConnectionError('<urllib3.connection.HTTPConnection object at 0x106211260>: Failed to establish a new connection: [Errno 61] Connection refused'))
  ❌ Failed!
  ⏱️  Avg: 11.1s/task, ETA: 0 minutes

[102/102] Processing task 6: Accipiter_nisus_Rectrices.jpg
  ❌ Exception processing task 6: HTTPConnectionPool(host='localhost', port=9090): Max retries exceeded with url: /predict (Caused by NewConnectionError('<urllib3.connection.HTTPConnection object at 0x106212140>: Failed to establish a new connection: [Errno 61] Connection refused'))
  ❌ Failed!
  ⏱️  Avg: 11.0s/task, ETA: 0 minutes

============================================================
🎉 Batch Processing Complete!
✅ Completed: 2 tasks
❌ Failed: 100 tasks
⏱️  Total time: 18.7 minutes (0.31 hours)
============================================================

⚠️  100 tasks failed:
  - Task 1 (Accipiter_gentilis_Primaires.jpg): Exception processing task 1: HTTPConnectionPool(host='localhost', port=9090): Max retries exceeded with url: /predict (Caused by NewConnectionError('<urllib3.connection.HTTPConnection object at 0x106211370>: Failed to establish a new connection: [Errno 61] Connection refused'))
  - Task 2 (Accipiter_gentilis_Secondaires.jpg): Exception processing task 2: HTTPConnectionPool(host='localhost', port=9090): Max retries exceeded with url: /predict (Caused by NewConnectionError('<urllib3.connection.HTTPConnection object at 0x106211480>: Failed to establish a new connection: [Errno 61] Connection refused'))
  - Task 3 (Accipiter_gentilis_Rectrices.jpg): Exception processing task 3: HTTPConnectionPool(host='localhost', port=9090): Max retries exceeded with url: /predict (Caused by NewConnectionError('<urllib3.connection.HTTPConnection object at 0x106211e10>: Failed to establish a new connection: [Errno 61] Connection refused'))
  - Task 4 (Accipiter_nisus_Primaires.jpg): Exception processing task 4: HTTPConnectionPool(host='localhost', port=9090): Max retries exceeded with url: /predict (Caused by NewConnectionError('<urllib3.connection.HTTPConnection object at 0x1062105a0>: Failed to establish a new connection: [Errno 61] Connection refused'))
  - Task 5 (Accipiter_nisus_Secondaires.jpg): Exception processing task 5: HTTPConnectionPool(host='localhost', port=9090): Max retries exceeded with url: /predict (Caused by NewConnectionError('<urllib3.connection.HTTPConnection object at 0x1062118c0>: Failed to establish a new connection: [Errno 61] Connection refused'))
  - Task 6 (Accipiter_nisus_Rectrices.jpg): Exception processing task 6: HTTPConnectionPool(host='localhost', port=9090): Max retries exceeded with url: /predict (Caused by NewConnectionError('<urllib3.connection.HTTPConnection object at 0x106212140>: Failed to establish a new connection: [Errno 61] Connection refused'))
  - Task 7 (Alcedo_atthis_primaires.jpg): Exception processing task 7: HTTPConnectionPool(host='localhost', port=9090): Max retries exceeded with url: /predict (Caused by NewConnectionError('<urllib3.connection.HTTPConnection object at 0x106211260>: Failed to establish a new connection: [Errno 61] Connection refused'))
  - Task 8 (Alcedo_atthis_secondaires.jpg): Exception processing task 8: HTTPConnectionPool(host='localhost', port=9090): Max retries exceeded with url: /predict (Caused by NewConnectionError('<urllib3.connection.HTTPConnection object at 0x106211590>: Failed to establish a new connection: [Errno 61] Connection refused'))
  - Task 9 (Alcedo_atthis_rectrices.jpg): Exception processing task 9: HTTPConnectionPool(host='localhost', port=9090): Max retries exceeded with url: /predict (Caused by NewConnectionError('<urllib3.connection.HTTPConnection object at 0x1062118c0>: Failed to establish a new connection: [Errno 61] Connection refused'))
  - Task 10 (Apus_apus_primaires.jpg): Exception processing task 10: HTTPConnectionPool(host='localhost', port=9090): Max retries exceeded with url: /predict (Caused by NewConnectionError('<urllib3.connection.HTTPConnection object at 0x106212360>: Failed to establish a new connection: [Errno 61] Connection refused'))
  - Task 11 (Apus_apus_secondaires.jpg): Exception processing task 11: HTTPConnectionPool(host='localhost', port=9090): Max retries exceeded with url: /predict (Caused by NewConnectionError('<urllib3.connection.HTTPConnection object at 0x1062116a0>: Failed to establish a new connection: [Errno 61] Connection refused'))
  - Task 12 (Apus_apus_rectrices.jpg): Exception processing task 12: HTTPConnectionPool(host='localhost', port=9090): Max retries exceeded with url: /predict (Caused by NewConnectionError('<urllib3.connection.HTTPConnection object at 0x106212e00>: Failed to establish a new connection: [Errno 61] Connection refused'))
  - Task 13 (Ardea_cinerea_primaires.jpg): Exception processing task 13: HTTPConnectionPool(host='localhost', port=9090): Max retries exceeded with url: /predict (Caused by NewConnectionError('<urllib3.connection.HTTPConnection object at 0x106211bf0>: Failed to establish a new connection: [Errno 61] Connection refused'))
  - Task 14 (Ardea_cinerea_secondaires_2.jpg): Exception processing task 14: HTTPConnectionPool(host='localhost', port=9090): Read timed out. (read timeout=300)
  - Task 16 (Athene_noctua_primaires.jpg): Exception processing task 16: HTTPConnectionPool(host='localhost', port=9090): Max retries exceeded with url: /predict (Caused by NewConnectionError('<urllib3.connection.HTTPConnection object at 0x1062127a0>: Failed to establish a new connection: [Errno 61] Connection refused'))
  - Task 18 (Athene_noctua_rectrices.jpg): ML backend failed for task 18: 500 - {'detail': 'ValueError: Model is not loaded for type: run setup() before using predict()', 'request': {}, 'result': {'traceback': 'Traceback (most recent call last):\n  File "/Users/pierrebastiani/Classification/.venv/lib/python3.13/site-packages/label_studio_ml/exceptions.py", line 39, in exception_f\n    return f(*args, **kwargs)\n  File "/Users/pierrebastiani/Classification/.venv/lib/python3.13/site-packages/label_studio_ml/api.py", line 51, in _predict\n    predictions, model = _manager.predict(tasks, project, label_config, force_reload, try_fetch, **params)\n                         ~~~~~~~~~~~~~~~~^^^^^^^^^^^^^^^^^^^^^^^^^^^^^^^^^^^^^^^^^^^^^^^^^^^^^^^^^^^^^^^^^\n  File "/Users/pierrebastiani/Classification/.venv/lib/python3.13/site-packages/label_studio_ml/model.py", line 615, in predict\n    raise ValueError(f\'Model is not loaded for {cls.__class__.__name__}: run setup() before using predict()\')\nValueError: Model is not loaded for type: run setup() before using predict()\n'}, 'status': 500}
  - Task 19 (Bubo_bubo_Primaires.jpg): Exception processing task 19: HTTPConnectionPool(host='localhost', port=9090): Max retries exceeded with url: /predict (Caused by NewConnectionError('<urllib3.connection.HTTPConnection object at 0x106212ad0>: Failed to establish a new connection: [Errno 61] Connection refused'))
  - Task 20 (Bubo_bubo_Secondaires.jpg): Exception processing task 20: HTTPConnectionPool(host='localhost', port=9090): Max retries exceeded with url: /predict (Caused by NewConnectionError('<urllib3.connection.HTTPConnection object at 0x106211f20>: Failed to establish a new connection: [Errno 61] Connection refused'))
  - Task 21 (Bubo_bubo_Rectrices.jpg): Exception processing task 21: HTTPConnectionPool(host='localhost', port=9090): Max retries exceeded with url: /predict (Caused by NewConnectionError('<urllib3.connection.HTTPConnection object at 0x1062129c0>: Failed to establish a new connection: [Errno 61] Connection refused'))
  - Task 22 (Buteo_buteo_Primaires.jpg): Exception processing task 22: HTTPConnectionPool(host='localhost', port=9090): Max retries exceeded with url: /predict (Caused by NewConnectionError('<urllib3.connection.HTTPConnection object at 0x106212e00>: Failed to establish a new connection: [Errno 61] Connection refused'))
  - Task 23 (Buteo_buteo_Secondaires.jpg): Exception processing task 23: HTTPConnectionPool(host='localhost', port=9090): Max retries exceeded with url: /predict (Caused by NewConnectionError('<urllib3.connection.HTTPConnection object at 0x106212030>: Failed to establish a new connection: [Errno 61] Connection refused'))
  - Task 24 (Buteo_buteo_Rectrices.jpg): Exception processing task 24: HTTPConnectionPool(host='localhost', port=9090): Max retries exceeded with url: /predict (Caused by NewConnectionError('<urllib3.connection.HTTPConnection object at 0x1062105a0>: Failed to establish a new connection: [Errno 61] Connection refused'))
  - Task 25 (Ciconia_ciconia_primaires.jpg): Exception processing task 25: HTTPConnectionPool(host='localhost', port=9090): Max retries exceeded with url: /predict (Caused by NewConnectionError('<urllib3.connection.HTTPConnection object at 0x106211590>: Failed to establish a new connection: [Errno 61] Connection refused'))
  - Task 26 (Ciconia_ciconia_secondaires1.jpg): Exception processing task 26: HTTPConnectionPool(host='localhost', port=9090): Max retries exceeded with url: /predict (Caused by NewConnectionError('<urllib3.connection.HTTPConnection object at 0x106212470>: Failed to establish a new connection: [Errno 61] Connection refused'))
  - Task 27 (Ciconia_ciconia_rectrices.jpg): Exception processing task 27: HTTPConnectionPool(host='localhost', port=9090): Max retries exceeded with url: /predict (Caused by NewConnectionError('<urllib3.connection.HTTPConnection object at 0x106211bf0>: Failed to establish a new connection: [Errno 61] Connection refused'))
  - Task 28 (Ciconia_nigra_primaires.jpg): Exception processing task 28: HTTPConnectionPool(host='localhost', port=9090): Max retries exceeded with url: /predict (Caused by NewConnectionError('<urllib3.connection.HTTPConnection object at 0x106210c00>: Failed to establish a new connection: [Errno 61] Connection refused'))
  - Task 29 (Ciconia_nigra_secondairesbis.jpg): Exception processing task 29: HTTPConnectionPool(host='localhost', port=9090): Max retries exceeded with url: /predict (Caused by NewConnectionError('<urllib3.connection.HTTPConnection object at 0x106211260>: Failed to establish a new connection: [Errno 61] Connection refused'))
  - Task 30 (Ciconia_nigra_rectrices.jpg): Exception processing task 30: HTTPConnectionPool(host='localhost', port=9090): Max retries exceeded with url: /predict (Caused by NewConnectionError('<urllib3.connection.HTTPConnection object at 0x106211590>: Failed to establish a new connection: [Errno 61] Connection refused'))
  - Task 31 (Circaetus_gallicus_primaires.jpg): Exception processing task 31: HTTPConnectionPool(host='localhost', port=9090): Max retries exceeded with url: /predict (Caused by NewConnectionError('<urllib3.connection.HTTPConnection object at 0x1062117b0>: Failed to establish a new connection: [Errno 61] Connection refused'))
  - Task 32 (Circaetus_gallicus_secondaires.jpg): Exception processing task 32: HTTPConnectionPool(host='localhost', port=9090): Max retries exceeded with url: /predict (Caused by NewConnectionError('<urllib3.connection.HTTPConnection object at 0x106212cf0>: Failed to establish a new connection: [Errno 61] Connection refused'))
  - Task 33 (Circaetus_gallicus_rectrices.jpg): Exception processing task 33: HTTPConnectionPool(host='localhost', port=9090): Max retries exceeded with url: /predict (Caused by NewConnectionError('<urllib3.connection.HTTPConnection object at 0x106212030>: Failed to establish a new connection: [Errno 61] Connection refused'))
  - Task 34 (Columba_livia_secondaires.jpg): Exception processing task 34: HTTPConnectionPool(host='localhost', port=9090): Max retries exceeded with url: /predict (Caused by NewConnectionError('<urllib3.connection.HTTPConnection object at 0x106212140>: Failed to establish a new connection: [Errno 61] Connection refused'))
  - Task 35 (Columba_livia_Rectrices.jpg): Exception processing task 35: HTTPConnectionPool(host='localhost', port=9090): Max retries exceeded with url: /predict (Caused by NewConnectionError('<urllib3.connection.HTTPConnection object at 0x106212f10>: Failed to establish a new connection: [Errno 61] Connection refused'))
  - Task 36 (Columba_palombus_primaires_fondnoir.jpg): Exception processing task 36: HTTPConnectionPool(host='localhost', port=9090): Max retries exceeded with url: /predict (Caused by NewConnectionError('<urllib3.connection.HTTPConnection object at 0x1062129c0>: Failed to establish a new connection: [Errno 61] Connection refused'))
  - Task 37 (Columba_palombus_secondaires.jpg): Exception processing task 37: HTTPConnectionPool(host='localhost', port=9090): Max retries exceeded with url: /predict (Caused by NewConnectionError('<urllib3.connection.HTTPConnection object at 0x106212140>: Failed to establish a new connection: [Errno 61] Connection refused'))
  - Task 38 (Columba_palombus_rectrices.jpg): Exception processing task 38: HTTPConnectionPool(host='localhost', port=9090): Max retries exceeded with url: /predict (Caused by NewConnectionError('<urllib3.connection.HTTPConnection object at 0x106212ad0>: Failed to establish a new connection: [Errno 61] Connection refused'))
  - Task 39 (Coracias_garrulus_primaires.jpg): Exception processing task 39: HTTPConnectionPool(host='localhost', port=9090): Max retries exceeded with url: /predict (Caused by NewConnectionError('<urllib3.connection.HTTPConnection object at 0x1062116a0>: Failed to establish a new connection: [Errno 61] Connection refused'))
  - Task 40 (Coracias_garrulus_secondaires.jpg): Exception processing task 40: HTTPConnectionPool(host='localhost', port=9090): Max retries exceeded with url: /predict (Caused by NewConnectionError('<urllib3.connection.HTTPConnection object at 0x106212cf0>: Failed to establish a new connection: [Errno 61] Connection refused'))
  - Task 41 (Coracias_garrulus_rectrices.jpg): Exception processing task 41: HTTPConnectionPool(host='localhost', port=9090): Max retries exceeded with url: /predict (Caused by NewConnectionError('<urllib3.connection.HTTPConnection object at 0x1062127a0>: Failed to establish a new connection: [Errno 61] Connection refused'))
  - Task 42 (Corvus_corone_Primaires.jpg): Exception processing task 42: HTTPConnectionPool(host='localhost', port=9090): Max retries exceeded with url: /predict (Caused by NewConnectionError('<urllib3.connection.HTTPConnection object at 0x1062105a0>: Failed to establish a new connection: [Errno 61] Connection refused'))
  - Task 43 (Corvus_corone_Secondaires.jpg): Exception processing task 43: HTTPConnectionPool(host='localhost', port=9090): Max retries exceeded with url: /predict (Caused by NewConnectionError('<urllib3.connection.HTTPConnection object at 0x1062118c0>: Failed to establish a new connection: [Errno 61] Connection refused'))
  - Task 44 (Corvus_corone_Rectrices.jpg): Exception processing task 44: HTTPConnectionPool(host='localhost', port=9090): Max retries exceeded with url: /predict (Caused by NewConnectionError('<urllib3.connection.HTTPConnection object at 0x1062118c0>: Failed to establish a new connection: [Errno 61] Connection refused'))
  - Task 45 (Delichon_urbicum_primaires.jpg): Exception processing task 45: HTTPConnectionPool(host='localhost', port=9090): Max retries exceeded with url: /predict (Caused by NewConnectionError('<urllib3.connection.HTTPConnection object at 0x106211bf0>: Failed to establish a new connection: [Errno 61] Connection refused'))
  - Task 46 (Delichon_urbicum_secondaires.jpg): Exception processing task 46: HTTPConnectionPool(host='localhost', port=9090): Max retries exceeded with url: /predict (Caused by NewConnectionError('<urllib3.connection.HTTPConnection object at 0x106211f20>: Failed to establish a new connection: [Errno 61] Connection refused'))
  - Task 47 (Delichon_urbicum_rectrices_fondnoir.jpg): Exception processing task 47: HTTPConnectionPool(host='localhost', port=9090): Max retries exceeded with url: /predict (Caused by NewConnectionError('<urllib3.connection.HTTPConnection object at 0x1062127a0>: Failed to establish a new connection: [Errno 61] Connection refused'))
  - Task 48 (Falco_tinnunculus_Primaires.jpg): Exception processing task 48: HTTPConnectionPool(host='localhost', port=9090): Max retries exceeded with url: /predict (Caused by NewConnectionError('<urllib3.connection.HTTPConnection object at 0x106212470>: Failed to establish a new connection: [Errno 61] Connection refused'))
  - Task 49 (Falco_tinnunculus_Secondaires.jpg): Exception processing task 49: HTTPConnectionPool(host='localhost', port=9090): Max retries exceeded with url: /predict (Caused by NewConnectionError('<urllib3.connection.HTTPConnection object at 0x106212580>: Failed to establish a new connection: [Errno 61] Connection refused'))
  - Task 50 (Falco_tinnunculus_Femelle_rectrices.jpg): Exception processing task 50: HTTPConnectionPool(host='localhost', port=9090): Max retries exceeded with url: /predict (Caused by NewConnectionError('<urllib3.connection.HTTPConnection object at 0x1062116a0>: Failed to establish a new connection: [Errno 61] Connection refused'))
  - Task 51 (Gallinula_chloropus_Primaires.jpg): Exception processing task 51: HTTPConnectionPool(host='localhost', port=9090): Max retries exceeded with url: /predict (Caused by NewConnectionError('<urllib3.connection.HTTPConnection object at 0x106212ad0>: Failed to establish a new connection: [Errno 61] Connection refused'))
  - Task 52 (Gallinula_chloropus_Secondaires.jpg): Exception processing task 52: HTTPConnectionPool(host='localhost', port=9090): Max retries exceeded with url: /predict (Caused by NewConnectionError('<urllib3.connection.HTTPConnection object at 0x106212ad0>: Failed to establish a new connection: [Errno 61] Connection refused'))
  - Task 53 (Gallinula_chloropus_rectrices.jpg): Exception processing task 53: HTTPConnectionPool(host='localhost', port=9090): Max retries exceeded with url: /predict (Caused by NewConnectionError('<urllib3.connection.HTTPConnection object at 0x106212690>: Failed to establish a new connection: [Errno 61] Connection refused'))
  - Task 54 (Gallus_gallus_primaires.jpg): Exception processing task 54: HTTPConnectionPool(host='localhost', port=9090): Max retries exceeded with url: /predict (Caused by NewConnectionError('<urllib3.connection.HTTPConnection object at 0x1062119d0>: Failed to establish a new connection: [Errno 61] Connection refused'))
  - Task 55 (Gallus_gallus_secondaires.jpg): Exception processing task 55: HTTPConnectionPool(host='localhost', port=9090): Max retries exceeded with url: /predict (Caused by NewConnectionError('<urllib3.connection.HTTPConnection object at 0x106212580>: Failed to establish a new connection: [Errno 61] Connection refused'))
  - Task 56 (Gallus_gallus_rectrices.jpg): Exception processing task 56: HTTPConnectionPool(host='localhost', port=9090): Max retries exceeded with url: /predict (Caused by NewConnectionError('<urllib3.connection.HTTPConnection object at 0x1062129c0>: Failed to establish a new connection: [Errno 61] Connection refused'))
  - Task 57 (Gyps_fulvus_Primaires.jpg): Exception processing task 57: HTTPConnectionPool(host='localhost', port=9090): Max retries exceeded with url: /predict (Caused by NewConnectionError('<urllib3.connection.HTTPConnection object at 0x106212cf0>: Failed to establish a new connection: [Errno 61] Connection refused'))
  - Task 58 (Gyps_fulvus_Secondaires_1.jpg): Exception processing task 58: HTTPConnectionPool(host='localhost', port=9090): Max retries exceeded with url: /predict (Caused by NewConnectionError('<urllib3.connection.HTTPConnection object at 0x1062127a0>: Failed to establish a new connection: [Errno 61] Connection refused'))
  - Task 59 (Gyps_fulvus_Rectrices_1.jpg): Exception processing task 59: HTTPConnectionPool(host='localhost', port=9090): Max retries exceeded with url: /predict (Caused by NewConnectionError('<urllib3.connection.HTTPConnection object at 0x106211f20>: Failed to establish a new connection: [Errno 61] Connection refused'))
  - Task 60 (Lanius_senator_Primaires.jpg): Exception processing task 60: HTTPConnectionPool(host='localhost', port=9090): Max retries exceeded with url: /predict (Caused by NewConnectionError('<urllib3.connection.HTTPConnection object at 0x106211f20>: Failed to establish a new connection: [Errno 61] Connection refused'))
  - Task 61 (Lanius_senator_Secondaires.jpg): Exception processing task 61: HTTPConnectionPool(host='localhost', port=9090): Max retries exceeded with url: /predict (Caused by NewConnectionError('<urllib3.connection.HTTPConnection object at 0x106211590>: Failed to establish a new connection: [Errno 61] Connection refused'))
  - Task 62 (Lanius_senator_Rectrices_FN.jpg): Exception processing task 62: HTTPConnectionPool(host='localhost', port=9090): Max retries exceeded with url: /predict (Caused by NewConnectionError('<urllib3.connection.HTTPConnection object at 0x1062117b0>: Failed to establish a new connection: [Errno 61] Connection refused'))
  - Task 63 (Lullula_arborea_Primaires.jpg): Exception processing task 63: HTTPConnectionPool(host='localhost', port=9090): Max retries exceeded with url: /predict (Caused by NewConnectionError('<urllib3.connection.HTTPConnection object at 0x106212cf0>: Failed to establish a new connection: [Errno 61] Connection refused'))
  - Task 64 (Lullula_arborea_Secondaires.jpg): Exception processing task 64: HTTPConnectionPool(host='localhost', port=9090): Max retries exceeded with url: /predict (Caused by NewConnectionError('<urllib3.connection.HTTPConnection object at 0x1062118c0>: Failed to establish a new connection: [Errno 61] Connection refused'))
  - Task 65 (Lullula_arborea_rectrices.jpg): Exception processing task 65: HTTPConnectionPool(host='localhost', port=9090): Max retries exceeded with url: /predict (Caused by NewConnectionError('<urllib3.connection.HTTPConnection object at 0x106212470>: Failed to establish a new connection: [Errno 61] Connection refused'))
  - Task 66 (Milvus_migrans_Primaires.jpg): Exception processing task 66: HTTPConnectionPool(host='localhost', port=9090): Max retries exceeded with url: /predict (Caused by NewConnectionError('<urllib3.connection.HTTPConnection object at 0x106212580>: Failed to establish a new connection: [Errno 61] Connection refused'))
  - Task 67 (Milvus_migrans_Secondaires.jpg): Exception processing task 67: HTTPConnectionPool(host='localhost', port=9090): Max retries exceeded with url: /predict (Caused by NewConnectionError('<urllib3.connection.HTTPConnection object at 0x1062119d0>: Failed to establish a new connection: [Errno 61] Connection refused'))
  - Task 68 (Milvus_migrans_Rectrices.jpg): Exception processing task 68: HTTPConnectionPool(host='localhost', port=9090): Max retries exceeded with url: /predict (Caused by NewConnectionError('<urllib3.connection.HTTPConnection object at 0x106211e10>: Failed to establish a new connection: [Errno 61] Connection refused'))
  - Task 69 (Milvus_milvus_primaires.jpg): Exception processing task 69: HTTPConnectionPool(host='localhost', port=9090): Max retries exceeded with url: /predict (Caused by NewConnectionError('<urllib3.connection.HTTPConnection object at 0x106212580>: Failed to establish a new connection: [Errno 61] Connection refused'))
  - Task 70 (Milvus_milvus_secondaires.jpg): Exception processing task 70: HTTPConnectionPool(host='localhost', port=9090): Max retries exceeded with url: /predict (Caused by NewConnectionError('<urllib3.connection.HTTPConnection object at 0x106212030>: Failed to establish a new connection: [Errno 61] Connection refused'))
  - Task 71 (Otus_scops_Primaires.jpg): Exception processing task 71: HTTPConnectionPool(host='localhost', port=9090): Max retries exceeded with url: /predict (Caused by NewConnectionError('<urllib3.connection.HTTPConnection object at 0x1062128b0>: Failed to establish a new connection: [Errno 61] Connection refused'))
  - Task 72 (Otus_scops_rectrices.jpg): Exception processing task 72: HTTPConnectionPool(host='localhost', port=9090): Max retries exceeded with url: /predict (Caused by NewConnectionError('<urllib3.connection.HTTPConnection object at 0x1062118c0>: Failed to establish a new connection: [Errno 61] Connection refused'))
  - Task 73 (Phalacrocorax_carbo_primaires.jpg): Exception processing task 73: HTTPConnectionPool(host='localhost', port=9090): Max retries exceeded with url: /predict (Caused by NewConnectionError('<urllib3.connection.HTTPConnection object at 0x106212140>: Failed to establish a new connection: [Errno 61] Connection refused'))
  - Task 74 (Phalacrocorax_carbo_secondaires.jpg): Exception processing task 74: HTTPConnectionPool(host='localhost', port=9090): Max retries exceeded with url: /predict (Caused by NewConnectionError('<urllib3.connection.HTTPConnection object at 0x106211260>: Failed to establish a new connection: [Errno 61] Connection refused'))
  - Task 75 (Phalacrocorax_carbo_rectrices.jpg): Exception processing task 75: HTTPConnectionPool(host='localhost', port=9090): Max retries exceeded with url: /predict (Caused by NewConnectionError('<urllib3.connection.HTTPConnection object at 0x106211370>: Failed to establish a new connection: [Errno 61] Connection refused'))
  - Task 76 (Pica_pica_Primaires.jpg): Exception processing task 76: HTTPConnectionPool(host='localhost', port=9090): Max retries exceeded with url: /predict (Caused by NewConnectionError('<urllib3.connection.HTTPConnection object at 0x106211f20>: Failed to establish a new connection: [Errno 61] Connection refused'))
  - Task 77 (Pica_pica_Secondaires.jpg): Exception processing task 77: HTTPConnectionPool(host='localhost', port=9090): Max retries exceeded with url: /predict (Caused by NewConnectionError('<urllib3.connection.HTTPConnection object at 0x1062116a0>: Failed to establish a new connection: [Errno 61] Connection refused'))
  - Task 78 (Pica_pica_Rectrices.jpg): Exception processing task 78: HTTPConnectionPool(host='localhost', port=9090): Max retries exceeded with url: /predict (Caused by NewConnectionError('<urllib3.connection.HTTPConnection object at 0x106212140>: Failed to establish a new connection: [Errno 61] Connection refused'))
  - Task 79 (Scolopax_rusticola_Primaires.jpg): Exception processing task 79: HTTPConnectionPool(host='localhost', port=9090): Max retries exceeded with url: /predict (Caused by NewConnectionError('<urllib3.connection.HTTPConnection object at 0x1062127a0>: Failed to establish a new connection: [Errno 61] Connection refused'))
  - Task 80 (Scolopax_rusticola_Secondaires.jpg): Exception processing task 80: HTTPConnectionPool(host='localhost', port=9090): Max retries exceeded with url: /predict (Caused by NewConnectionError('<urllib3.connection.HTTPConnection object at 0x1062129c0>: Failed to establish a new connection: [Errno 61] Connection refused'))
  - Task 81 (Streptopelia_decaocto_primaires.jpg): Exception processing task 81: HTTPConnectionPool(host='localhost', port=9090): Max retries exceeded with url: /predict (Caused by NewConnectionError('<urllib3.connection.HTTPConnection object at 0x1062128b0>: Failed to establish a new connection: [Errno 61] Connection refused'))
  - Task 82 (Streptopelia_decaocto_Secondaires_(2).jpg): Exception processing task 82: HTTPConnectionPool(host='localhost', port=9090): Max retries exceeded with url: /predict (Caused by NewConnectionError('<urllib3.connection.HTTPConnection object at 0x106212690>: Failed to establish a new connection: [Errno 61] Connection refused'))
  - Task 83 (Streptopelia_decaocto_rectrices.jpg): Exception processing task 83: HTTPConnectionPool(host='localhost', port=9090): Max retries exceeded with url: /predict (Caused by NewConnectionError('<urllib3.connection.HTTPConnection object at 0x1062119d0>: Failed to establish a new connection: [Errno 61] Connection refused'))
  - Task 84 (Streptopelia_turtur_Primaires.jpg): Exception processing task 84: HTTPConnectionPool(host='localhost', port=9090): Max retries exceeded with url: /predict (Caused by NewConnectionError('<urllib3.connection.HTTPConnection object at 0x106212030>: Failed to establish a new connection: [Errno 61] Connection refused'))
  - Task 85 (Streptopelia_turtur_Secondaires.jpg): Exception processing task 85: HTTPConnectionPool(host='localhost', port=9090): Max retries exceeded with url: /predict (Caused by NewConnectionError('<urllib3.connection.HTTPConnection object at 0x1062128b0>: Failed to establish a new connection: [Errno 61] Connection refused'))
  - Task 86 (Streptopelia_turtur_Rectrices.jpg): Exception processing task 86: HTTPConnectionPool(host='localhost', port=9090): Max retries exceeded with url: /predict (Caused by NewConnectionError('<urllib3.connection.HTTPConnection object at 0x106211ae0>: Failed to establish a new connection: [Errno 61] Connection refused'))
  - Task 87 (Strix_aluco_primaires.jpg): Exception processing task 87: HTTPConnectionPool(host='localhost', port=9090): Max retries exceeded with url: /predict (Caused by NewConnectionError('<urllib3.connection.HTTPConnection object at 0x106211590>: Failed to establish a new connection: [Errno 61] Connection refused'))
  - Task 88 (Strix_aluco_secondaires.jpg): Exception processing task 88: HTTPConnectionPool(host='localhost', port=9090): Max retries exceeded with url: /predict (Caused by NewConnectionError('<urllib3.connection.HTTPConnection object at 0x1062127a0>: Failed to establish a new connection: [Errno 61] Connection refused'))
  - Task 89 (Strix_aluco_Rectrices1.jpg): Exception processing task 89: HTTPConnectionPool(host='localhost', port=9090): Max retries exceeded with url: /predict (Caused by NewConnectionError('<urllib3.connection.HTTPConnection object at 0x1062117b0>: Failed to establish a new connection: [Errno 61] Connection refused'))
  - Task 90 (Sturnus_vulgaris_Primaires.jpg): Exception processing task 90: HTTPConnectionPool(host='localhost', port=9090): Max retries exceeded with url: /predict (Caused by NewConnectionError('<urllib3.connection.HTTPConnection object at 0x106212cf0>: Failed to establish a new connection: [Errno 61] Connection refused'))
  - Task 91 (Sturnus_vulgaris_Secondaires.jpg): Exception processing task 91: HTTPConnectionPool(host='localhost', port=9090): Max retries exceeded with url: /predict (Caused by NewConnectionError('<urllib3.connection.HTTPConnection object at 0x106212be0>: Failed to establish a new connection: [Errno 61] Connection refused'))
  - Task 92 (Sturnus_vulgaris_rectrices.jpg): Exception processing task 92: HTTPConnectionPool(host='localhost', port=9090): Max retries exceeded with url: /predict (Caused by NewConnectionError('<urllib3.connection.HTTPConnection object at 0x106210c00>: Failed to establish a new connection: [Errno 61] Connection refused'))
  - Task 93 (Turdus_merula_Primaires.jpg): Exception processing task 93: HTTPConnectionPool(host='localhost', port=9090): Max retries exceeded with url: /predict (Caused by NewConnectionError('<urllib3.connection.HTTPConnection object at 0x1062117b0>: Failed to establish a new connection: [Errno 61] Connection refused'))
  - Task 94 (Turdus_merula_Secondaires.jpg): Exception processing task 94: HTTPConnectionPool(host='localhost', port=9090): Max retries exceeded with url: /predict (Caused by NewConnectionError('<urllib3.connection.HTTPConnection object at 0x106211480>: Failed to establish a new connection: [Errno 61] Connection refused'))
  - Task 95 (Turdus_merula_Rectrices.jpg): Exception processing task 95: HTTPConnectionPool(host='localhost', port=9090): Max retries exceeded with url: /predict (Caused by NewConnectionError('<urllib3.connection.HTTPConnection object at 0x1062118c0>: Failed to establish a new connection: [Errno 61] Connection refused'))
  - Task 96 (Turdus_philomenos_Primaires.jpg): Exception processing task 96: HTTPConnectionPool(host='localhost', port=9090): Max retries exceeded with url: /predict (Caused by NewConnectionError('<urllib3.connection.HTTPConnection object at 0x106211590>: Failed to establish a new connection: [Errno 61] Connection refused'))
  - Task 97 (Turdus_philomenos_Secondaires.jpg): Exception processing task 97: HTTPConnectionPool(host='localhost', port=9090): Max retries exceeded with url: /predict (Caused by NewConnectionError('<urllib3.connection.HTTPConnection object at 0x106211f20>: Failed to establish a new connection: [Errno 61] Connection refused'))
  - Task 98 (Turdus_philomenos_Rectrices.jpg): Exception processing task 98: HTTPConnectionPool(host='localhost', port=9090): Max retries exceeded with url: /predict (Caused by NewConnectionError('<urllib3.connection.HTTPConnection object at 0x1062129c0>: Failed to establish a new connection: [Errno 61] Connection refused'))
  - Task 99 (Tyto_alba_rectrices.jpg): Exception processing task 99: HTTPConnectionPool(host='localhost', port=9090): Max retries exceeded with url: /predict (Caused by NewConnectionError('<urllib3.connection.HTTPConnection object at 0x1062128b0>: Failed to establish a new connection: [Errno 61] Connection refused'))
  - Task 100 (Upupa_epops_primairesFB.jpg): Exception processing task 100: HTTPConnectionPool(host='localhost', port=9090): Max retries exceeded with url: /predict (Caused by NewConnectionError('<urllib3.connection.HTTPConnection object at 0x106212580>: Failed to establish a new connection: [Errno 61] Connection refused'))
  - Task 101 (Upupa_epops_secondairesFN.jpg): Exception processing task 101: HTTPConnectionPool(host='localhost', port=9090): Max retries exceeded with url: /predict (Caused by NewConnectionError('<urllib3.connection.HTTPConnection object at 0x106211f20>: Failed to establish a new connection: [Errno 61] Connection refused'))
  - Task 102 (Upupa_epops_rectricesFN.jpg): Exception processing task 102: HTTPConnectionPool(host='localhost', port=9090): Max retries exceeded with url: /predict (Caused by NewConnectionError('<urllib3.connection.HTTPConnection object at 0x1062119d0>: Failed to establish a new connection: [Errno 61] Connection refused'))

📋 Detailed failure log saved in prediction_progress.json
You can manually review these tasks in Label Studio.

✅ Batch processing complete!
